<?xml version="1.0" encoding="UTF-8"?>
<!-- Generated by org.testng.reporters.JUnitReportReporter -->
<testsuite hostname="Harsha" failures="0" tests="1" name="testngframework.TestNG_0_Annotations_Exe_Order" time="12.464" errors="0" timestamp="2024-10-17T10:20:03 IST" skipped="0">
  <testcase classname="testngframework.TestNG_0_Annotations_Exe_Order" name="f" time="12.464"/>
  <system-out/>
</testsuite> <!-- testngframework.TestNG_0_Annotations_Exe_Order -->
