<?xml version="1.0" encoding="UTF-8"?>
<!-- Generated by org.testng.reporters.JUnitReportReporter -->
<testsuite hostname="Harsha" failures="0" tests="3" name="isdisplyed_enabled_selected.Isdispled_enabled_selected" time="15.878" errors="0" timestamp="2024-11-09T15:05:33 IST" skipped="0">
  <testcase classname="isdisplyed_enabled_selected.Isdispled_enabled_selected" name="isDisplayed" time="3.364"/>
  <system-out/>
  <testcase classname="isdisplyed_enabled_selected.Isdispled_enabled_selected" name="isEnableded" time="7.822"/>
  <system-out/>
  <testcase classname="isdisplyed_enabled_selected.Isdispled_enabled_selected" name="isSelected" time="4.692"/>
  <system-out/>
</testsuite> <!-- isdisplyed_enabled_selected.Isdispled_enabled_selected -->
