<?xml version="1.0" encoding="UTF-8"?>
<!-- Generated by org.testng.reporters.JUnitReportReporter -->
<testsuite hostname="Harsha" failures="0" tests="1" name="dropdown.DropdownSelectOption" time="20.537" errors="0" timestamp="2024-11-05T16:31:27 IST" skipped="0">
  <testcase classname="dropdown.DropdownSelectOption" name="selectDropdownOption" time="20.537"/>
  <system-out/>
</testsuite> <!-- dropdown.DropdownSelectOption -->
