<?xml version="1.0" encoding="UTF-8"?>
<!-- Generated by org.testng.reporters.JUnitReportReporter -->
<testsuite hostname="Harsha" failures="0" tests="2" name="screenshots.TakeScreenshot" time="27.465" errors="0" timestamp="2024-11-19T14:42:03 IST" skipped="0">
  <testcase classname="screenshots.TakeScreenshot" name="googleSerach" time="19.617"/>
  <system-out/>
  <testcase classname="screenshots.TakeScreenshot" name="googleSerachmethod" time="7.848"/>
  <system-out/>
</testsuite> <!-- screenshots.TakeScreenshot -->
