<?xml version="1.0" encoding="UTF-8"?>
<!-- Generated by org.testng.reporters.JUnitReportReporter -->
<testsuite hostname="Harsha" failures="0" tests="2" name="testngframework.TestNG_3_Run_TCs_XML" time="15.786" errors="0" timestamp="2024-11-04T14:42:27 IST" skipped="0">
  <testcase classname="testngframework.TestNG_3_Run_TCs_XML" name="techlearn" time="8.995"/>
  <system-out/>
  <testcase classname="testngframework.TestNG_3_Run_TCs_XML" name="selenium" time="6.791"/>
  <system-out/>
</testsuite> <!-- testngframework.TestNG_3_Run_TCs_XML -->
