<?xml version="1.0" encoding="UTF-8"?>
<!-- Generated by org.testng.reporters.JUnitReportReporter -->
<testsuite hostname="Harsha" failures="0" tests="1" name="testNG_XML.GoogleSearch" time="5.687" errors="0" timestamp="2024-11-04T14:42:27 IST" skipped="0">
  <testcase classname="testNG_XML.GoogleSearch" name="googleSearch" time="5.687"/>
  <system-out/>
</testsuite> <!-- testNG_XML.GoogleSearch -->
