<?xml version="1.0" encoding="UTF-8"?>
<!-- Generated by org.testng.reporters.JUnitReportReporter -->
<testsuite hostname="Harsha" failures="0" tests="1" name="locators.LocaorsFlackre" time="53.893" errors="0" timestamp="2024-10-23T07:02:17 IST" skipped="0">
  <testcase classname="locators.LocaorsFlackre" name="flackreLogin" time="53.893"/>
  <system-out/>
</testsuite> <!-- locators.LocaorsFlackre -->
