<?xml version="1.0" encoding="UTF-8"?>
<!-- Generated by org.testng.reporters.JUnitReportReporter -->
<testsuite hostname="Harsha" failures="0" tests="8" name="testngframework.TestNG_1_TC_Exe_Order" time="73.874" errors="0" timestamp="2024-10-17T11:34:37 IST" skipped="1">
  <testcase classname="testngframework.TestNG_1_TC_Exe_Order" name="twitter" time="24.482"/>
  <system-out/>
  <testcase classname="testngframework.TestNG_1_TC_Exe_Order" name="selenium" time="4.283"/>
  <system-out/>
  <testcase classname="testngframework.TestNG_1_TC_Exe_Order" name="techlearn" time="5.872"/>
  <system-out/>
  <testcase classname="testngframework.TestNG_1_TC_Exe_Order" name="google" time="7.483"/>
  <system-out/>
  <testcase classname="testngframework.TestNG_1_TC_Exe_Order" name="xflackre" time="1.319"/>
  <system-out/>
  <testcase classname="testngframework.TestNG_1_TC_Exe_Order" name="xflackre" time="1.579"/>
  <system-out/>
  <testcase classname="testngframework.TestNG_1_TC_Exe_Order" name="xflackre" time="28.856"/>
  <system-out/>
  <testcase classname="testngframework.TestNG_1_TC_Exe_Order" name="facebook">
    <skipped/>
  </testcase> <!-- facebook -->
  <system-out/>
</testsuite> <!-- testngframework.TestNG_1_TC_Exe_Order -->
