<?xml version="1.0" encoding="UTF-8"?>
<!-- Generated by org.testng.reporters.JUnitReportReporter -->
<testsuite hostname="Harsha" failures="0" tests="1" name="browserlaunch.GitDemo" time="8.488" errors="0" timestamp="2024-12-04T06:22:53 IST" skipped="0">
  <testcase classname="browserlaunch.GitDemo" name="testGit" time="8.488"/>
  <system-out/>
</testsuite> <!-- browserlaunch.GitDemo -->
