<?xml version="1.0" encoding="UTF-8"?>
<!-- Generated by org.testng.reporters.JUnitReportReporter -->
<testsuite hostname="Harsha" failures="0" tests="2" name="practice.Locators" time="15.090" errors="0" timestamp="2024-10-28T14:37:48 IST" skipped="1">
  <testcase classname="practice.Locators" name="google" time="15.090"/>
  <system-out/>
  <testcase classname="practice.Locators" name="f">
    <skipped/>
  </testcase> <!-- f -->
  <system-out/>
</testsuite> <!-- practice.Locators -->
