<?xml version="1.0" encoding="UTF-8"?>
<!-- Generated by org.testng.reporters.JUnitReportReporter -->
<testsuite hostname="Harsha" failures="0" tests="4" name="popups.alertok" time="14.515" errors="0" timestamp="2024-11-06T11:28:25 IST" skipped="0">
  <testcase classname="popups.alertok" name="prompt" time="2.683"/>
  <system-out/>
  <testcase classname="popups.alertok" name="alertOk" time="5.426"/>
  <system-out/>
  <testcase classname="popups.alertok" name="alertConfirmation" time="4.070"/>
  <system-out/>
  <testcase classname="popups.alertok" name="alertConfirmationCancel" time="2.336"/>
  <system-out/>
</testsuite> <!-- popups.alertok -->
