<?xml version="1.0" encoding="UTF-8"?>
<!-- Generated by org.testng.reporters.JUnitReportReporter -->
<testsuite hostname="Harsha" failures="0" tests="2" name="testngframework.Groups_TCs" time="14.937" errors="0" timestamp="2024-11-04T16:22:28 IST" skipped="0">
  <testcase classname="testngframework.Groups_TCs" name="swiggy" time="13.781"/>
  <system-out/>
  <testcase classname="testngframework.Groups_TCs" name="zomato" time="1.156"/>
  <system-out/>
</testsuite> <!-- testngframework.Groups_TCs -->
